| HA330      | A     | station     | HA330   | 2018-02-10 01:13:36 | None   |         | ground   |                                  | 540762.9E, 6601032.8N, 1053.1m |
| HA334      | A     | station     | HA334   | 2018-02-10 01:13:54 | None   |         | ground   |                                  | 540689.9E, 6601159.2N, 1051.6m |
| HA338      | A     | station     | HA338   | 2018-02-10 01:14:21 | None   |         | ground   |                                  | 540762.9E, 6601285.7N, 1050.4m |
| HH0        | A     | station     | S1      | 2014-10-05 02:00:35 | None   |         | ground   |                                  | 540901.6E, 6601070.7N, 1052.6m |
| HH100      | A     | station     | HH100   | 2018-01-09 22:32:33 | None   |         | ground   |                                  | 540879.7E, 6601159.2N, 1051.6m |
| HH101      | A     | station     | HH101   | 2018-01-09 22:32:53 | None   |         | ground   |                                  | 540894.3E, 6601159.2N, 1051.6m |
| HH102      | A     | station     | HH102   | 2018-01-09 22:33:14 | None   |         | ground   |                                  | 540908.9E, 6601159.2N, 1051.6m |
| HH103      | A     | station     | HH103   | 2018-01-09 22:33:34 | None   |         | ground   |                                  | 540923.5E, 6601159.2N, 1051.6m |
| HH104      | A     | station     | HH104   | 2018-01-09 22:33:57 | None   |         | ground   |                                  | 540938.1E, 6601159.2N, 1051.7m |
| HH105      | A     | station     | HH105   | 2018-01-09 22:34:13 | None   |         | ground   |                                  | 540952.7E, 6601159.2N, 1051.8m |
| HH106      | A     | station     | HH106   | 2018-01-09 22:34:20 | None   |         | ground   |                                  | 540967.3E, 6601159.2N, 1051.7m |
| HH107      | A     | station     | HH107   | 2018-11-20 10:00:37 | None   |         | ground   |                                  | 540981.9E, 6601159.2N, 1051.7m |
| HH108      | A     | station     | HH108   | 2018-11-20 10:00:37 | None   |         | ground   |                                  | 540996.5E, 6601159.2N, 1051.7m |
| HH10       | A     | station     | HH10    | 2018-12-03 10:00:37 | None   |         | ground   |                                  | 541047.6E, 6601070.7N, 1052.6m |
| HH116      | A     | station     | HH116   | 2018-02-10 01:12:23 | None   |         | ground   |                                  | 540843.2E, 6601171.9N, 1051.7m |
| HH117      | A     | station     | HH117   | 2018-01-09 22:34:34 | None   |         | ground   |                                  | 540857.8E, 6601171.9N, 1051.6m |
| HH118      | A     | station     | HH118   | 2018-01-09 22:34:56 | None   |         | ground   |                                  | 540872.4E, 6601171.9N, 1051.5m |
| HH119      | A     | station     | HH119   | 2018-01-09 22:35:17 | None   |         | ground   |                                  | 540887.0E, 6601171.9N, 1051.5m |
| HH11       | A     | station     | S1      | 2014-10-05 02:00:35 | None   |         | ground   |                                  | 540894.3E, 6601083.4N, 1052.5m |
| HH120      | A     | station     | HH120   | 2017-10-03 16:44:46 | None   |         | ground   |                                  | 540901.6E, 6601171.9N, 1051.5m |
| HH121      | A     | station     | HH121   | 2017-10-05 12:05:57 | None   |         | ground   | E/N pols swapped at receiverator | 540916.2E, 6601171.9N, 1051.5m |
| HH122      | A     | station     | HH122   | 2017-10-03 16:45:02 | None   |         | ground   |                                  | 540930.8E, 6601171.9N, 1051.5m |
| HH123      | A     | station     | HH123   | 2017-10-03 16:45:18 | None   |         | ground   |                                  | 540945.4E, 6601171.9N, 1051.6m |
| HH124      | A     | station     | HH124   | 2017-10-05 12:06:13 | None   |         | ground   |                                  | 540960.0E, 6601171.9N, 1051.6m |
| HH125      | A     | station     | HH125   | 2018-01-09 22:35:31 | None   |         | ground   |                                  | 540974.6E, 6601171.9N, 1051.6m |
| HH126      | A     | station     | HH126   | 2018-11-19 10:00:37 | None   |         | ground   |                                  | 540989.2E, 6601171.9N, 1051.5m |
| HH12       | A     | station     | S1      | 2014-10-05 02:00:35 | None   |         | ground   |                                  | 540908.9E, 6601083.4N, 1052.4m |
| HH136      | A     | station     | HH136   | 2017-11-25 18:34:19 | None   |         | ground   |                                  | 540850.5E, 6601184.5N, 1051.5m |
| HH137      | A     | station     | HH137   | 2017-11-25 18:34:40 | None   |         | ground   |                                  | 540865.1E, 6601184.5N, 1051.4m |
| HH138      | A     | station     | HH138   | 2017-11-25 18:35:01 | None   |         | ground   |                                  | 540879.7E, 6601184.5N, 1051.4m |
| HH139      | A     | station     | HH139   | 2017-11-25 18:35:23 | None   |         | ground   |                                  | 540894.3E, 6601184.5N, 1051.4m |
| HH13       | A     | station     | S1      | 2014-10-05 02:00:35 | None   |         | ground   |                                  | 540923.5E, 6601083.4N, 1052.3m |
| HH140      | A     | station     | HH140   | 2017-11-25 18:35:45 | None   |         | ground   |                                  | 540908.9E, 6601184.5N, 1051.4m |
| HH141      | A     | station     | HH141   | 2017-10-05 12:06:28 | None   |         | ground   |                                  | 540923.5E, 6601184.5N, 1051.4m |
| HH142      | A     | station     | HH142   | 2017-10-05 12:06:45 | None   |         | ground   |                                  | 540938.1E, 6601184.5N, 1051.4m |
| HH143      | A     | station     | HH143   | 2017-10-03 16:45:34 | None   |         | ground   | E/N pols swapped at receiverator | 540952.7E, 6601184.5N, 1051.4m |
| HH144      | A     | station     | HH144   | 2018-08-30 10:00:37 | None   |         | ground   |                                  | 540967.3E, 6601184.5N, 1051.4m |
| HH145      | A     | station     | HH145   | 2018-11-19 10:00:37 | None   |         | ground   |                                  | 540981.9E, 6601184.5N, 1051.4m |
| HH14       | A     | station     | S1      | 2014-10-05 02:00:35 | None   |         | ground   |                                  | 540938.1E, 6601083.4N, 1052.5m |
| HH155      | A     | station     | HH155   | 2018-02-10 01:12:49 | None   |         | ground   |                                  | 540835.9E, 6601201.4N, 1051.2m |
| HH156      | A     | station     | HH156   | 2018-02-10 01:13:16 | None   |         | ground   |                                  | 540850.5E, 6601201.4N, 1051.3m |
| HH157      | A     | station     | HH157   | 2018-11-12 10:00:37 | None   |         | ground   |                                  | 540865.1E, 6601201.4N, 1051.2m |
| HH158      | A     | station     | HH158   | 2018-11-12 10:00:37 | None   |         | ground   |                                  | 540879.7E, 6601201.4N, 1051.2m |
| HH159      | A     | station     | HH159   | 2018-11-13 10:00:37 | None   |         | ground   |                                  | 540894.3E, 6601201.4N, 1051.2m |
| HH15       | A     | station     | S2      | 2017-03-03 01:20:51 | None   |         | ground   |                                  | 540952.7E, 6601083.4N, 1052.4m |
| HH160      | A     | station     | HH160   | 2018-11-13 10:00:37 | None   |         | ground   |                                  | 540908.9E, 6601201.4N, 1051.2m |
| HH161      | A     | station     | HH161   | 2018-11-13 10:00:37 | None   |         | ground   |                                  | 540923.5E, 6601201.4N, 1051.2m |
| HH162      | A     | station     | HH162   | 2018-11-14 10:00:37 | None   |         | ground   |                                  | 540938.1E, 6601201.4N, 1051.2m |
| HH163      | A     | station     | HH163   | 2018-11-14 10:00:37 | None   |         | ground   |                                  | 540952.7E, 6601201.4N, 1051.2m |
| HH164      | A     | station     | HH164   | 2018-11-15 10:00:37 | None   |         | ground   |                                  | 540967.3E, 6601201.4N, 1051.3m |
| HH165      | A     | station     | HH165   | 2018-11-19 10:00:37 | None   |         | ground   |                                  | 540981.9E, 6601201.4N, 1051.3m |
| HH16       | A     | station     | HH16    | 2018-11-21 10:00:37 | None   |         | ground   |                                  | 540967.3E, 6601083.4N, 1052.4m |
| HH176      | A     | station     | HH176   | 2018-09-05 10:00:37 | None   |         | ground   |                                  | 540843.2E, 6601214.0N, 1051.1m |
| HH177      | A     | station     | HH177   | 2018-07-25 10:00:37 | None   |         | ground   |                                  | 540857.8E, 6601214.0N, 1051.1m |
| HH178      | A     | station     | HH178   | 2018-03-29 16:06:09 | None   |         | ground   |                                  | 540872.4E, 6601214.0N, 1051.1m |
| HH179      | A     | station     | HH179   | 2018-03-29 16:06:11 | None   |         | ground   |                                  | 540887.0E, 6601214.0N, 1051.1m |
| HH17       | A     | station     | HH17    | 2018-11-23 10:00:37 | None   |         | ground   |                                  | 540981.9E, 6601083.4N, 1052.4m |
| HH180      | A     | station     | HH180   | 2018-03-27 18:20:50 | None   |         | ground   |                                  | 540901.6E, 6601214.0N, 1051.1m |
| HH181      | A     | station     | HH181   | 2018-03-27 18:20:52 | None   |         | ground   |                                  | 540916.2E, 6601214.0N, 1051.1m |
| HH182      | A     | station     | HH182   | 2018-03-27 18:20:54 | None   |         | ground   |                                  | 540930.8E, 6601214.0N, 1051.2m |
| HH183      | A     | station     | HH183   | 2018-03-27 18:20:56 | None   |         | ground   |                                  | 540945.4E, 6601214.0N, 1051.1m |
| HH184      | A     | station     | HH184   | 2018-03-29 16:06:13 | None   |         | ground   |                                  | 540960.0E, 6601214.0N, 1051.2m |
| HH185      | A     | station     | HH185   | 2018-03-29 16:06:15 | None   |         | ground   |                                  | 540974.6E, 6601214.0N, 1051.2m |
| HH186      | A     | station     | HH186   | 2018-03-29 16:06:17 | None   |         | ground   |                                  | 540989.2E, 6601214.0N, 1051.2m |
| HH18       | A     | station     | HH18    | 2018-11-23 10:00:37 | None   |         | ground   |                                  | 540996.5E, 6601083.4N, 1052.4m |
| HH196      | A     | station     | HH196   | 2018-09-07 10:00:37 | None   |         | ground   |                                  | 540850.5E, 6601226.7N, 1051.0m |
| HH197      | A     | station     | HH197   | 2018-08-30 10:00:37 | None   |         | ground   |                                  | 540865.1E, 6601226.7N, 1051.0m |
| HH198      | A     | station     | HH198   | 2018-03-29 16:06:19 | None   |         | ground   |                                  | 540879.7E, 6601226.7N, 1051.0m |
| HH199      | A     | station     | HH199   | 2018-03-29 16:06:20 | None   |         | ground   |                                  | 540894.3E, 6601226.7N, 1051.0m |
| HH19       | A     | station     | HH19    | 2018-11-22 10:00:37 | None   |         | ground   |                                  | 541011.1E, 6601083.4N, 1052.4m |
| HH1        | A     | station     | S1      | 2014-10-05 02:00:35 | None   |         | ground   |                                  | 540916.2E, 6601070.7N, 1052.6m |
| HH200      | A     | station     | HH200   | 2018-03-29 16:06:22 | None   |         | ground   |                                  | 540908.9E, 6601226.7N, 1051.0m |
| HH201      | A     | station     | HH201   | 2018-03-29 16:06:24 | None   |         | ground   |                                  | 540923.5E, 6601226.7N, 1051.0m |
| HH202      | A     | station     | HH202   | 2018-03-29 16:06:26 | None   |         | ground   |                                  | 540938.1E, 6601226.7N, 1051.0m |
| HH203      | A     | station     | HH203   | 2018-03-29 16:06:28 | None   |         | ground   |                                  | 540952.7E, 6601226.7N, 1051.0m |
| HH204      | A     | station     | HH204   | 2018-03-29 16:06:30 | None   |         | ground   |                                  | 540967.3E, 6601226.7N, 1051.0m |
| HH205      | A     | station     | HH205   | 2018-09-05 10:00:37 | None   |         | ground   |                                  | 540981.9E, 6601226.7N, 1051.1m |
| HH206      | A     | station     | HH206   | 2018-11-16 10:00:37 | None   |         | ground   |                                  | 540996.5E, 6601226.7N, 1051.1m |
| HH20       | A     | station     | HH20    | 2018-11-28 10:00:37 | None   |         | ground   |                                  | 541025.7E, 6601083.4N, 1052.4m |
| HH215      | A     | station     | HH215   | 2018-08-20 10:00:37 | None   |         | ground   |                                  | 540857.8E, 6601239.3N, 1050.9m |
| HH216      | A     | station     | HH216   | 2018-03-29 16:06:31 | None   |         | ground   |                                  | 540872.4E, 6601239.3N, 1050.9m |
| HH217      | A     | station     | HH217   | 2018-03-29 16:06:33 | None   |         | ground   |                                  | 540887.0E, 6601239.3N, 1050.9m |
| HH218      | A     | station     | HH218   | 2018-03-29 16:06:35 | None   |         | ground   |                                  | 540901.6E, 6601239.3N, 1050.9m |
| HH219      | A     | station     | HH219   | 2018-07-11 10:00:37 | None   |         | ground   |                                  | 540916.2E, 6601239.3N, 1050.9m |
| HH21       | A     | station     | HH21    | 2018-11-29 10:00:37 | None   |         | ground   |                                  | 541040.3E, 6601083.4N, 1052.5m |
| HH220      | A     | station     | HH220   | 2018-03-29 16:06:37 | None   |         | ground   |                                  | 540930.8E, 6601239.3N, 1050.9m |
| HH221      | A     | station     | HH221   | 2018-03-29 16:06:39 | None   |         | ground   |                                  | 540945.4E, 6601239.3N, 1050.9m |
| HH222      | A     | station     | HH222   | 2018-03-29 16:06:40 | None   |         | ground   |                                  | 540960.0E, 6601239.3N, 1050.9m |
| HH223      | A     | station     | HH223   | 2018-03-29 16:06:42 | None   |         | ground   |                                  | 540974.6E, 6601239.3N, 1051.1m |
| HH224      | A     | station     | HH224   | 2018-03-29 16:06:44 | None   |         | ground   |                                  | 540989.2E, 6601239.3N, 1050.9m |
| HH225      | A     | station     | HH225   | 2018-03-29 16:06:46 | None   |         | ground   |                                  | 541003.8E, 6601239.3N, 1051.0m |
| HH22       | A     | station     | HH22    | 2018-12-03 10:00:37 | None   |         | ground   |                                  | 541062.2E, 6601079.2N, 1052.5m |
| HH233      | A     | station     | HH233   | 2018-03-29 16:06:48 | None   |         | ground   |                                  | 540865.1E, 6601252.0N, 1050.8m |
| HH234      | A     | station     | HH234   | 2018-07-12 10:00:37 | None   |         | ground   |                                  | 540879.7E, 6601252.0N, 1050.7m |
| HH235      | A     | station     | HH235   | 2018-03-29 16:06:49 | None   |         | ground   |                                  | 540894.3E, 6601252.0N, 1050.8m |
| HH236      | A     | station     | HH236   | 2018-03-29 16:06:51 | None   |         | ground   |                                  | 540908.9E, 6601252.0N, 1050.8m |
| HH237      | A     | station     | HH237   | 2018-03-29 16:06:53 | None   |         | ground   |                                  | 540923.5E, 6601252.0N, 1050.8m |
| HH238      | A     | station     | HH238   | 2018-03-29 16:06:55 | None   |         | ground   |                                  | 540938.1E, 6601252.0N, 1050.8m |
| HH239      | A     | station     | HH239   | 2018-03-29 16:06:57 | None   |         | ground   |                                  | 540952.7E, 6601252.0N, 1050.8m |
| HH23       | A     | station     | S1      | 2014-10-05 02:00:35 | None   |         | ground   |                                  | 540887.0E, 6601096.0N, 1052.3m |
| HH240      | A     | station     | HH240   | 2018-03-29 16:06:58 | None   |         | ground   |                                  | 540967.3E, 6601252.0N, 1050.8m |
| HH241      | A     | station     | HH241   | 2018-03-29 16:07:00 | None   |         | ground   |                                  | 540981.9E, 6601252.0N, 1050.8m |
| HH242      | A     | station     | HH242   | 2018-03-29 16:07:02 | None   |         | ground   |                                  | 540996.5E, 6601252.0N, 1050.8m |
| HH243      | A     | station     | HH243   | 2018-03-29 16:07:04 | None   |         | ground   |                                  | 541011.1E, 6601252.0N, 1050.8m |
| HH24       | A     | station     | S1      | 2014-10-05 02:00:35 | None   |         | ground   |                                  | 540901.6E, 6601096.0N, 1052.4m |
| HH250      | A     | station     | HH250   | 2018-03-29 16:07:06 | None   |         | ground   |                                  | 540872.4E, 6601264.6N, 1050.7m |
| HH251      | A     | station     | HH251   | 2018-07-09 10:00:37 | None   |         | ground   |                                  | 540887.0E, 6601264.6N, 1050.7m |
| HH252      | A     | station     | HH252   | 2018-03-29 16:07:08 | None   |         | ground   |                                  | 540901.6E, 6601264.6N, 1050.7m |
| HH253      | A     | station     | HH253   | 2018-03-29 16:07:09 | None   |         | ground   |                                  | 540916.2E, 6601264.6N, 1050.7m |
| HH254      | A     | station     | HH254   | 2018-03-29 16:07:11 | None   |         | ground   |                                  | 540930.8E, 6601264.6N, 1050.7m |
| HH255      | A     | station     | HH255   | 2018-03-29 16:07:13 | None   |         | ground   |                                  | 540945.4E, 6601264.6N, 1050.7m |
| HH256      | A     | station     | HH256   | 2018-03-29 16:07:15 | None   |         | ground   |                                  | 540960.0E, 6601264.6N, 1050.7m |
| HH257      | A     | station     | HH257   | 2018-03-29 16:07:17 | None   |         | ground   |                                  | 540974.6E, 6601264.6N, 1050.7m |
| HH258      | A     | station     | HH258   | 2018-03-29 16:07:18 | None   |         | ground   |                                  | 540989.2E, 6601264.6N, 1050.7m |
| HH259      | A     | station     | HH259   | 2018-03-29 16:07:20 | None   |         | ground   |                                  | 541003.8E, 6601264.6N, 1050.7m |
| HH25       | A     | station     | S1      | 2014-10-05 02:00:35 | None   |         | ground   |                                  | 540916.2E, 6601096.0N, 1052.3m |
| HH260      | A     | station     | HH260   | 2018-03-29 16:07:22 | None   |         | ground   |                                  | 541018.4E, 6601264.6N, 1050.7m |
| HH266      | A     | station     | HH266   | 2018-03-29 16:07:24 | None   |         | ground   |                                  | 540879.7E, 6601277.3N, 1050.5m |
| HH267      | A     | station     | HH267   | 2018-07-10 10:00:37 | None   |         | ground   |                                  | 540894.3E, 6601277.3N, 1050.5m |
| HH26       | A     | station     | S1      | 2014-10-05 02:00:35 | None   |         | ground   |                                  | 540930.8E, 6601096.0N, 1052.3m |
| HH27       | A     | station     | S1      | 2014-10-05 02:00:35 | None   |         | ground   |                                  | 540945.4E, 6601096.0N, 1052.4m |
| HH281      | A     | station     | HH281   | 2018-03-29 16:07:26 | None   |         | ground   |                                  | 540887.0E, 6601289.9N, 1050.4m |
| HH282      | A     | station     | HH282   | 2018-07-10 10:00:37 | None   |         | ground   |                                  | 540901.6E, 6601289.9N, 1050.4m |
| HH28       | A     | station     | S2      | 2017-02-03 08:00:37 | None   |         | ground   |                                  | 540960.0E, 6601096.0N, 1052.3m |
| HH29       | A     | station     | HH29    | 2018-11-21 10:00:37 | None   |         | ground   |                                  | 540974.6E, 6601096.0N, 1052.3m |
| HH2        | A     | station     | S1      | 2014-10-05 02:00:35 | None   |         | ground   |                                  | 540930.8E, 6601070.7N, 1052.6m |
| HH30       | A     | station     | HH30    | 2018-11-21 10:00:37 | None   |         | ground   |                                  | 540989.2E, 6601096.0N, 1052.3m |
| HH31       | A     | station     | HH31    | 2018-11-27 10:00:37 | None   |         | ground   |                                  | 541003.8E, 6601096.0N, 1052.4m |
| HH32       | A     | station     | HH32    | 2018-11-28 10:00:37 | None   |         | ground   |                                  | 541018.4E, 6601096.0N, 1052.3m |
| HH33       | A     | station     | HH33    | 2018-11-29 10:00:37 | None   |         | ground   |                                  | 541033.0E, 6601096.0N, 1052.3m |
| HH34       | A     | station     | HH34    | 2018-12-03 10:00:37 | None   |         | ground   |                                  | 541054.9E, 6601091.8N, 1052.3m |
| HH36       | A     | station     | S2      | 2017-02-03 08:00:37 | None   |         | ground   |                                  | 540879.7E, 6601108.7N, 1052.2m |
| HH37       | A     | station     | S1      | 2014-10-05 02:00:35 | None   |         | ground   |                                  | 540894.3E, 6601108.7N, 1052.3m |
| HH38       | A     | station     | S1      | 2014-10-05 02:00:35 | None   |         | ground   |                                  | 540908.9E, 6601108.7N, 1052.2m |
| HH39       | A     | station     | S1      | 2014-10-05 02:00:35 | None   |         | ground   |                                  | 540923.5E, 6601108.7N, 1052.2m |
| HH3        | A     | station     | S2      | 2017-03-03 01:18:17 | None   |         | ground   |                                  | 540945.4E, 6601070.7N, 1052.5m |
| HH40       | A     | station     | S1      | 2014-10-05 02:00:35 | None   |         | ground   |                                  | 540938.1E, 6601108.7N, 1052.2m |
| HH41       | A     | station     | S2      | 2017-03-03 01:22:03 | None   |         | ground   |                                  | 540952.7E, 6601108.7N, 1052.2m |
| HH42       | A     | station     | S1      | 2017-02-03 08:00:37 | None   |         | ground   |                                  | 540967.3E, 6601108.7N, 1052.2m |
| HH43       | A     | station     | HH43    | 2018-11-22 10:00:37 | None   |         | ground   |                                  | 540981.9E, 6601108.7N, 1052.2m |
| HH44       | A     | station     | HH44    | 2018-11-22 10:00:37 | None   |         | ground   |                                  | 540996.5E, 6601108.7N, 1052.2m |
| HH45       | A     | station     | HH45    | 2018-11-28 10:00:37 | None   |         | ground   |                                  | 541011.1E, 6601108.7N, 1052.2m |
| HH46       | A     | station     | HH46    | 2018-11-29 10:00:37 | None   |         | ground   |                                  | 541025.7E, 6601108.7N, 1052.2m |
| HH47       | A     | station     | HH47    | 2018-12-03 10:00:37 | None   |         | ground   |                                  | 541047.6E, 6601104.5N, 1052.2m |
| HH4        | A     | station     | HH4     | 2018-11-21 10:00:37 | None   |         | ground   |                                  | 540960.0E, 6601070.7N, 1052.5m |
| HH50       | A     | station     | HH50    | 2017-10-03 16:43:44 | None   |         | ground   |                                  | 540872.4E, 6601121.3N, 1052.0m |
| HH51       | A     | station     | S2      | 2014-10-04 15:00:35 | None   |         | ground   |                                  | 540887.0E, 6601121.3N, 1052.0m |
| HH52       | A     | station     | S1      | 2014-10-05 02:00:35 | None   |         | ground   |                                  | 540901.6E, 6601121.3N, 1052.1m |
| HH53       | A     | station     | S1      | 2014-10-05 02:00:35 | None   |         | ground   |                                  | 540916.2E, 6601121.3N, 1052.1m |
| HH54       | A     | station     | S1      | 2014-10-05 02:00:35 | None   |         | ground   |                                  | 540930.8E, 6601121.3N, 1052.1m |
| HH55       | A     | station     | S2      | 2017-03-11 18:48:06 | None   |         | ground   |                                  | 540945.4E, 6601121.3N, 1052.0m |
| HH56       | A     | station     | S2      | 2017-03-04 20:24:19 | None   |         | ground   |                                  | 540960.0E, 6601121.3N, 1052.1m |
| HH57       | A     | station     | HH57    | 2018-02-10 01:11:23 | None   |         | ground   |                                  | 540974.6E, 6601121.3N, 1052.1m |
| HH58       | A     | station     | HH58    | 2018-02-10 01:11:32 | None   |         | ground   |                                  | 540989.2E, 6601121.3N, 1052.0m |
| HH59       | A     | station     | HH59    | 2018-11-27 10:00:37 | None   |         | ground   |                                  | 541003.8E, 6601121.3N, 1052.0m |
| HH5        | A     | station     | HH5     | 2018-11-21 10:00:37 | None   |         | ground   |                                  | 540974.6E, 6601070.7N, 1052.5m |
| HH60       | A     | station     | HH60    | 2018-11-28 10:00:37 | None   |         | ground   |                                  | 541018.4E, 6601121.3N, 1052.0m |
| HH61       | A     | station     | HH61    | 2018-12-04 10:00:37 | None   |         | ground   |                                  | 541040.3E, 6601117.1N, 1052.1m |
| HH62       | A     | station     | HH62    | 2018-12-04 10:00:37 | None   |         | ground   |                                  | 541054.9E, 6601117.1N, 1052.1m |
| HH65       | A     | station     | HH65    | 2017-10-03 16:43:12 | None   |         | ground   |                                  | 540865.1E, 6601134.0N, 1051.9m |
| HH66       | A     | station     | HH66    | 2017-10-03 16:43:28 | None   |         | ground   |                                  | 540879.7E, 6601134.0N, 1051.9m |
| HH67       | A     | station     | S2      | 2017-07-15 20:23:56 | None   |         | ground   |                                  | 540894.3E, 6601134.0N, 1051.9m |
| HH68       | A     | station     | S2      | 2017-07-15 20:24:10 | None   |         | ground   |                                  | 540908.9E, 6601134.0N, 1051.9m |
| HH69       | A     | station     | S2      | 2017-05-01 02:31:32 | None   |         | ground   |                                  | 540923.5E, 6601134.0N, 1051.9m |
| HH6        | A     | station     | HH6     | 2018-11-23 10:00:37 | None   |         | ground   |                                  | 540989.2E, 6601070.7N, 1052.5m |
| HH70       | A     | station     | S2      | 2017-03-11 18:05:06 | None   |         | ground   |                                  | 540938.1E, 6601134.0N, 1051.9m |
| HH71       | A     | station     | S2      | 2017-03-11 18:47:54 | None   |         | ground   |                                  | 540952.7E, 6601134.0N, 1052.0m |
| HH72       | A     | station     | HH72    | 2018-02-10 01:11:41 | None   |         | ground   |                                  | 540967.3E, 6601134.0N, 1052.0m |
| HH73       | A     | station     | HH73    | 2018-03-29 16:06:00 | None   |         | ground   |                                  | 540981.9E, 6601134.0N, 1052.0m |
| HH74       | A     | station     | HH74    | 2018-03-29 16:06:02 | None   |         | ground   |                                  | 540996.5E, 6601134.0N, 1051.9m |
| HH75       | A     | station     | HH75    | 2018-11-20 10:00:37 | None   |         | ground   |                                  | 541011.1E, 6601134.0N, 1052.0m |
| HH76       | A     | station     | HH76    | 2018-11-28 10:00:37 | None   |         | ground   |                                  | 541033.0E, 6601129.8N, 1052.0m |
| HH77       | A     | station     | HH77    | 2018-12-04 10:00:37 | None   |         | ground   |                                  | 541047.6E, 6601129.8N, 1052.0m |
| HH78       | A     | station     | HH78    | 2018-12-03 10:00:37 | None   |         | ground   |                                  | 541062.2E, 6601129.8N, 1052.0m |
| HH7        | A     | station     | HH7     | 2018-11-26 10:00:37 | None   |         | ground   |                                  | 541003.8E, 6601070.7N, 1052.5m |
| HH81       | A     | station     | HH81    | 2018-02-10 01:11:58 | None   |         | ground   |                                  | 540857.8E, 6601146.6N, 1051.9m |
| HH82       | A     | station     | HH82    | 2017-10-03 16:43:59 | None   |         | ground   |                                  | 540872.4E, 6601146.6N, 1051.8m |
| HH83       | A     | station     | HH83    | 2017-10-03 16:44:15 | None   |         | ground   |                                  | 540887.0E, 6601146.6N, 1051.8m |
| HH84       | A     | station     | S2      | 2017-01-25 08:25:37 | None   |         | ground   |                                  | 540901.6E, 6601146.6N, 1051.8m |
| HH85       | A     | station     | S2      | 2017-01-25 08:25:37 | None   |         | ground   |                                  | 540916.2E, 6601146.6N, 1051.8m |
| HH86       | A     | station     | S2      | 2017-01-25 08:25:37 | None   |         | ground   |                                  | 540930.8E, 6601146.6N, 1051.8m |
| HH87       | A     | station     | S2      | 2017-01-25 08:25:37 | None   |         | ground   |                                  | 540945.4E, 6601146.6N, 1051.8m |
| HH88       | A     | station     | HH88    | 2017-10-05 12:07:02 | None   |         | ground   |                                  | 540960.0E, 6601146.6N, 1051.9m |
| HH89       | A     | station     | HH89    | 2018-03-29 16:06:04 | None   |         | ground   |                                  | 540974.6E, 6601146.6N, 1051.8m |
| HH8        | A     | station     | HH8     | 2018-11-27 10:00:37 | None   |         | ground   |                                  | 541018.4E, 6601070.7N, 1052.6m |
| HH90       | A     | station     | HH90    | 2018-03-29 16:06:06 | None   |         | ground   |                                  | 540989.2E, 6601146.6N, 1051.8m |
| HH91       | A     | station     | HH91    | 2018-03-29 16:06:08 | None   |         | ground   |                                  | 541003.8E, 6601146.6N, 1051.8m |
| HH92       | A     | station     | HH92    | 2018-11-20 10:00:37 | None   |         | ground   |                                  | 541025.7E, 6601142.4N, 1051.9m |
| HH93       | A     | station     | HH93    | 2018-11-28 10:00:37 | None   |         | ground   |                                  | 541040.3E, 6601142.4N, 1051.9m |
| HH94       | A     | station     | HH94    | 2018-11-29 10:00:37 | None   |         | ground   |                                  | 541054.9E, 6601142.4N, 1052.1m |
| HH95       | A     | station     | HH95    | 2018-12-03 10:00:37 | None   |         | ground   |                                  | 541069.5E, 6601142.4N, 1051.9m |
| HH98       | A     | station     | HH98    | 2017-10-03 16:44:30 | None   |         | ground   |                                  | 540850.5E, 6601159.2N, 1051.8m |
| HH99       | A     | station     | HH99    | 2018-01-09 22:32:13 | None   |         | ground   |                                  | 540865.1E, 6601159.2N, 1051.6m |
| HH9        | A     | station     | HH9     | 2018-11-29 10:00:37 | None   |         | ground   |                                  | 541033.0E, 6601070.7N, 1052.5m |
