Hand-added entries:
	pam_add_170731 —->> run
	pam_add_170801 —->> run
	fem_add_170803 -—>> run
	close_all_CR_CC_170807 —->> run
	open_new_CR_CC_170807 -->> run
Auto-generated entries:
close_some_parts_170810 -->> 2017-08-10 19:56:39.045562
open_new_C7_RI_170808 -->> 2017-08-17 17:39:17.437806
fem_add_170818 —> 2017-08-18
open_new_C7_RI_170818 -->> 2017-08-19 04:54:32.400121
170824_various_from_gdoc -->> 2017-08-24
Hand-edit parts_paper names -->> 2017-08-29
170831_various_from_gdoc - 2017-08-31
170903_various_from_gdoc - 2017-09-03
170904_daily_commish - 2017-09-04
170904_daily_commish - 2017-09-04
170913_fem_add_HH69 2017/9/13
170913_fem_swap_HH67 2017/9/13
170922_ant71_swap 2017/09/22
171002_add_new_parts
171002_add_new_parts
171005_add_new_ants
171007_cam_filters 2017/10/07
